<?xml version="1.0" encoding="UTF-8"?>
<!-- Generated by org.testng.reporters.JUnitReportReporter -->
<testsuite skipped="0" hostname="HP4E203023" name="qaclickacademy.RESTAPITest" tests="2" failures="0" timestamp="2021-01-07T22:55:01 CET" time="0.024" errors="0">
  <testcase name="deleteTwitter" time="0.012" classname="qaclickacademy.RESTAPITest"/>
  <system-out/>
  <testcase name="postJira" time="0.012" classname="qaclickacademy.RESTAPITest"/>
  <system-out/>
</testsuite> <!-- qaclickacademy.RESTAPITest -->
