<?xml version="1.0" encoding="UTF-8"?>
<!-- Generated by org.testng.reporters.JUnitReportReporter -->
<testsuite skipped="0" hostname="HP4E203023" name="qaclickacademy.AppiumTest" tests="2" failures="0" timestamp="2021-01-07T22:55:02 CET" time="0.200" errors="0">
  <testcase name="NativeAppAndroid" time="0.116" classname="qaclickacademy.AppiumTest"/>
  <system-out/>
  <testcase name="IOSApps" time="0.084" classname="qaclickacademy.AppiumTest"/>
  <system-out/>
</testsuite> <!-- qaclickacademy.AppiumTest -->
