<?xml version="1.0" encoding="UTF-8"?>
<!-- Generated by org.testng.reporters.JUnitReportReporter -->
<testsuite skipped="0" hostname="HP4E203023" name="qaclickacademy.SeleniumTest" tests="2" failures="0" timestamp="2021-01-07T22:55:02 CET" time="0.005" errors="0">
  <testcase name="elementsUI" time="0.005" classname="qaclickacademy.SeleniumTest"/>
  <system-out/>
  <testcase name="BrowserAutomation" time="0.000" classname="qaclickacademy.SeleniumTest"/>
  <system-out/>
</testsuite> <!-- qaclickacademy.SeleniumTest -->
